# JRE version: OpenJDK Runtime Environment (11.0.12+7) (build 11.0.12+7-b1504.28-7817840)
# Java VM: OpenJDK 64-Bit Server VM (11.0.12+7-b1504.28-7817840, mixed mode, tiered, compressed oops, g1 gc, windows-amd64)
Heap:
 garbage-first heap   total 227328K, used 123400K [0x0000000080000000, 0x0000000100000000)
  region size 1024K, 27 young (27648K), 7 survivors (7168K)
 Metaspace       used 123298K, capacity 126279K, committed 128172K, reserved 1161216K
  class space    used 15537K, capacity 16673K, committed 17408K, reserved 1048576K
GC Heap History (20 events):
Event: 6287.923 GC heap before
{Heap before GC invocations=44 (full 0):
 garbage-first heap   total 227328K, used 173473K [0x0000000080000000, 0x0000000100000000)
  region size 1024K, 63 young (64512K), 1 survivors (1024K)
 Metaspace       used 120560K, capacity 123286K, committed 126124K, reserved 1159168K
  class space    used 15385K, capacity 16496K, committed 17408K, reserved 1048576K
}
Event: 6287.944 GC heap after
{Heap after GC invocations=45 (full 0):
 garbage-first heap   total 227328K, used 111291K [0x0000000080000000, 0x0000000100000000)
  region size 1024K, 2 young (2048K), 2 survivors (2048K)
 Metaspace       used 120560K, capacity 123286K, committed 126124K, reserved 1159168K
  class space    used 15385K, capacity 16496K, committed 17408K, reserved 1048576K
}
Event: 6288.307 GC heap before
{Heap before GC invocations=45 (full 0):
 garbage-first heap   total 227328K, used 120507K [0x0000000080000000, 0x0000000100000000)
  region size 1024K, 11 young (11264K), 2 survivors (2048K)
 Metaspace       used 120745K, capacity 123565K, committed 126124K, reserved 1159168K
  class space    used 15408K, capacity 16537K, committed 17408K, reserved 1048576K
}
Event: 6288.349 GC heap after
{Heap after GC invocations=46 (full 0):
 garbage-first heap   total 227328K, used 94513K [0x0000000080000000, 0x0000000100000000)
  region size 1024K, 2 young (2048K), 2 survivors (2048K)
 Metaspace       used 120745K, capacity 123565K, committed 126124K, reserved 1159168K
  class space    used 15408K, capacity 16537K, committed 17408K, reserved 1048576K
}
Event: 6288.651 GC heap before
{Heap before GC invocations=46 (full 0):
 garbage-first heap   total 227328K, used 102705K [0x0000000080000000, 0x0000000100000000)
  region size 1024K, 11 young (11264K), 2 survivors (2048K)
 Metaspace       used 120917K, capacity 123700K, committed 126380K, reserved 1159168K
  class space    used 15408K, capacity 16537K, committed 17408K, reserved 1048576K
}
Event: 6288.697 GC heap after
{Heap after GC invocations=47 (full 0):
 garbage-first heap   total 227328K, used 83392K [0x0000000080000000, 0x0000000100000000)
  region size 1024K, 1 young (1024K), 1 survivors (1024K)
 Metaspace       used 120917K, capacity 123700K, committed 126380K, reserved 1159168K
  class space    used 15408K, capacity 16537K, committed 17408K, reserved 1048576K
}
Event: 6289.334 GC heap before
{Heap before GC invocations=47 (full 0):
 garbage-first heap   total 227328K, used 164288K [0x0000000080000000, 0x0000000100000000)
  region size 1024K, 81 young (82944K), 1 survivors (1024K)
 Metaspace       used 121135K, capacity 123993K, committed 126380K, reserved 1159168K
  class space    used 15415K, capacity 16551K, committed 17408K, reserved 1048576K
}
Event: 6289.369 GC heap after
{Heap after GC invocations=48 (full 0):
 garbage-first heap   total 227328K, used 87731K [0x0000000080000000, 0x0000000100000000)
  region size 1024K, 6 young (6144K), 6 survivors (6144K)
 Metaspace       used 121135K, capacity 123993K, committed 126380K, reserved 1159168K
  class space    used 15415K, capacity 16551K, committed 17408K, reserved 1048576K
}
Event: 6290.217 GC heap before
{Heap before GC invocations=49 (full 0):
 garbage-first heap   total 227328K, used 178867K [0x0000000080000000, 0x0000000100000000)
  region size 1024K, 86 young (88064K), 6 survivors (6144K)
 Metaspace       used 121380K, capacity 124185K, committed 126892K, reserved 1159168K
  class space    used 15378K, capacity 16476K, committed 17408K, reserved 1048576K
}
Event: 6290.253 GC heap after
{Heap after GC invocations=50 (full 0):
 garbage-first heap   total 227328K, used 112000K [0x0000000080000000, 0x0000000100000000)
  region size 1024K, 11 young (11264K), 11 survivors (11264K)
 Metaspace       used 121380K, capacity 124185K, committed 126892K, reserved 1159168K
  class space    used 15378K, capacity 16476K, committed 17408K, reserved 1048576K
}
Event: 6290.259 GC heap before
{Heap before GC invocations=50 (full 0):
 garbage-first heap   total 227328K, used 113024K [0x0000000080000000, 0x0000000100000000)
  region size 1024K, 12 young (12288K), 11 survivors (11264K)
 Metaspace       used 121382K, capacity 124185K, committed 126892K, reserved 1159168K
  class space    used 15378K, capacity 16476K, committed 17408K, reserved 1048576K
}
Event: 6290.277 GC heap after
{Heap after GC invocations=51 (full 0):
 garbage-first heap   total 227328K, used 111405K [0x0000000080000000, 0x0000000100000000)
  region size 1024K, 2 young (2048K), 2 survivors (2048K)
 Metaspace       used 121382K, capacity 124185K, committed 126892K, reserved 1159168K
  class space    used 15378K, capacity 16476K, committed 17408K, reserved 1048576K
}
Event: 6290.366 GC heap before
{Heap before GC invocations=51 (full 0):
 garbage-first heap   total 227328K, used 121645K [0x0000000080000000, 0x0000000100000000)
  region size 1024K, 13 young (13312K), 2 survivors (2048K)
 Metaspace       used 121391K, capacity 124249K, committed 126892K, reserved 1159168K
  class space    used 15378K, capacity 16476K, committed 17408K, reserved 1048576K
}
Event: 6290.375 GC heap after
{Heap after GC invocations=52 (full 0):
 garbage-first heap   total 227328K, used 116123K [0x0000000080000000, 0x0000000100000000)
  region size 1024K, 6 young (6144K), 6 survivors (6144K)
 Metaspace       used 121391K, capacity 124249K, committed 126892K, reserved 1159168K
  class space    used 15378K, capacity 16476K, committed 17408K, reserved 1048576K
}
Event: 6290.895 GC heap before
{Heap before GC invocations=53 (full 0):
 garbage-first heap   total 227328K, used 189851K [0x0000000080000000, 0x0000000100000000)
  region size 1024K, 63 young (64512K), 6 survivors (6144K)
 Metaspace       used 122095K, capacity 124915K, committed 127404K, reserved 1159168K
  class space    used 15454K, capacity 16572K, committed 17408K, reserved 1048576K
}
Event: 6290.900 GC heap after
{Heap after GC invocations=54 (full 0):
 garbage-first heap   total 227328K, used 112674K [0x0000000080000000, 0x0000000100000000)
  region size 1024K, 2 young (2048K), 2 survivors (2048K)
 Metaspace       used 122095K, capacity 124915K, committed 127404K, reserved 1159168K
  class space    used 15454K, capacity 16572K, committed 17408K, reserved 1048576K
}
Event: 6291.040 GC heap before
{Heap before GC invocations=54 (full 0):
 garbage-first heap   total 227328K, used 120866K [0x0000000080000000, 0x0000000100000000)
  region size 1024K, 11 young (11264K), 2 survivors (2048K)
 Metaspace       used 122481K, capacity 125293K, committed 127660K, reserved 1159168K
  class space    used 15494K, capacity 16609K, committed 17408K, reserved 1048576K
}
Event: 6291.048 GC heap after
{Heap after GC invocations=55 (full 0):
 garbage-first heap   total 227328K, used 110688K [0x0000000080000000, 0x0000000100000000)
  region size 1024K, 2 young (2048K), 2 survivors (2048K)
 Metaspace       used 122481K, capacity 125293K, committed 127660K, reserved 1159168K
  class space    used 15494K, capacity 16609K, committed 17408K, reserved 1048576K
}
Event: 6293.205 GC heap before
{Heap before GC invocations=55 (full 0):
 garbage-first heap   total 227328K, used 177248K [0x0000000080000000, 0x0000000100000000)
  region size 1024K, 68 young (69632K), 2 survivors (2048K)
 Metaspace       used 122993K, capacity 125956K, committed 127916K, reserved 1159168K
  class space    used 15523K, capacity 16662K, committed 17408K, reserved 1048576K
}
Event: 6293.213 GC heap after
{Heap after GC invocations=56 (full 0):
 garbage-first heap   total 227328K, used 116232K [0x0000000080000000, 0x0000000100000000)
  region size 1024K, 7 young (7168K), 7 survivors (7168K)
 Metaspace       used 122993K, capacity 125956K, committed 127916K, reserved 1159168K
  class space    used 15523K, capacity 16662K, committed 17408K, reserved 1048576K
}

