# JRE version: OpenJDK Runtime Environment (11.0.12+7) (build 11.0.12+7-b1504.28-7817840)
# Java VM: OpenJDK 64-Bit Server VM (11.0.12+7-b1504.28-7817840, mixed mode, tiered, compressed oops, g1 gc, windows-amd64)
Heap:
 garbage-first heap   total 227328K, used 159872K [0x0000000080000000, 0x0000000100000000)
  region size 1024K, 69 young (70656K), 4 survivors (4096K)
 Metaspace       used 109917K, capacity 112320K, committed 112556K, reserved 1148928K
  class space    used 13672K, capacity 14558K, committed 14592K, reserved 1048576K
GC Heap History (20 events):
Event: 22.878 GC heap before
{Heap before GC invocations=24 (full 0):
 garbage-first heap   total 189440K, used 149504K [0x0000000080000000, 0x0000000100000000)
  region size 1024K, 41 young (41984K), 6 survivors (6144K)
 Metaspace       used 93746K, capacity 95864K, committed 96172K, reserved 1132544K
  class space    used 11882K, capacity 12696K, committed 12800K, reserved 1048576K
}
Event: 22.886 GC heap after
{Heap after GC invocations=25 (full 0):
 garbage-first heap   total 189440K, used 116876K [0x0000000080000000, 0x0000000100000000)
  region size 1024K, 3 young (3072K), 3 survivors (3072K)
 Metaspace       used 93746K, capacity 95864K, committed 96172K, reserved 1132544K
  class space    used 11882K, capacity 12696K, committed 12800K, reserved 1048576K
}
Event: 23.239 GC heap before
{Heap before GC invocations=26 (full 0):
 garbage-first heap   total 189440K, used 143500K [0x0000000080000000, 0x0000000100000000)
  region size 1024K, 38 young (38912K), 3 survivors (3072K)
 Metaspace       used 94750K, capacity 96891K, committed 97324K, reserved 1134592K
  class space    used 11966K, capacity 12761K, committed 12928K, reserved 1048576K
}
Event: 23.245 GC heap after
{Heap after GC invocations=27 (full 0):
 garbage-first heap   total 189440K, used 108385K [0x0000000080000000, 0x0000000100000000)
  region size 1024K, 5 young (5120K), 5 survivors (5120K)
 Metaspace       used 94750K, capacity 96891K, committed 97324K, reserved 1134592K
  class space    used 11966K, capacity 12761K, committed 12928K, reserved 1048576K
}
Event: 23.293 GC heap before
{Heap before GC invocations=27 (full 0):
 garbage-first heap   total 189440K, used 111457K [0x0000000080000000, 0x0000000100000000)
  region size 1024K, 9 young (9216K), 5 survivors (5120K)
 Metaspace       used 95116K, capacity 97275K, committed 97580K, reserved 1134592K
  class space    used 12014K, capacity 12825K, committed 12928K, reserved 1048576K
}
Event: 23.297 GC heap after
{Heap after GC invocations=28 (full 0):
 garbage-first heap   total 189440K, used 92890K [0x0000000080000000, 0x0000000100000000)
  region size 1024K, 1 young (1024K), 1 survivors (1024K)
 Metaspace       used 95116K, capacity 97275K, committed 97580K, reserved 1134592K
  class space    used 12014K, capacity 12825K, committed 12928K, reserved 1048576K
}
Event: 23.627 GC heap before
{Heap before GC invocations=28 (full 0):
 garbage-first heap   total 189440K, used 138970K [0x0000000080000000, 0x0000000100000000)
  region size 1024K, 47 young (48128K), 1 survivors (1024K)
 Metaspace       used 96075K, capacity 98273K, committed 98732K, reserved 1134592K
  class space    used 12095K, capacity 12896K, committed 13056K, reserved 1048576K
}
Event: 23.634 GC heap after
{Heap after GC invocations=29 (full 0):
 garbage-first heap   total 189440K, used 93656K [0x0000000080000000, 0x0000000100000000)
  region size 1024K, 2 young (2048K), 2 survivors (2048K)
 Metaspace       used 96075K, capacity 98273K, committed 98732K, reserved 1134592K
  class space    used 12095K, capacity 12896K, committed 13056K, reserved 1048576K
}
Event: 24.281 GC heap before
{Heap before GC invocations=30 (full 0):
 garbage-first heap   total 189440K, used 141784K [0x0000000080000000, 0x0000000100000000)
  region size 1024K, 50 young (51200K), 2 survivors (2048K)
 Metaspace       used 99374K, capacity 101573K, committed 101932K, reserved 1138688K
  class space    used 12521K, capacity 13353K, committed 13440K, reserved 1048576K
}
Event: 24.286 GC heap after
{Heap after GC invocations=31 (full 0):
 garbage-first heap   total 189440K, used 93944K [0x0000000080000000, 0x0000000100000000)
  region size 1024K, 2 young (2048K), 2 survivors (2048K)
 Metaspace       used 99374K, capacity 101573K, committed 101932K, reserved 1138688K
  class space    used 12521K, capacity 13353K, committed 13440K, reserved 1048576K
}
Event: 24.381 GC heap before
{Heap before GC invocations=31 (full 0):
 garbage-first heap   total 189440K, used 101112K [0x0000000080000000, 0x0000000100000000)
  region size 1024K, 9 young (9216K), 2 survivors (2048K)
 Metaspace       used 99753K, capacity 101925K, committed 102188K, reserved 1138688K
  class space    used 12564K, capacity 13385K, committed 13440K, reserved 1048576K
}
Event: 24.386 GC heap after
{Heap after GC invocations=32 (full 0):
 garbage-first heap   total 189440K, used 90161K [0x0000000080000000, 0x0000000100000000)
  region size 1024K, 2 young (2048K), 2 survivors (2048K)
 Metaspace       used 99753K, capacity 101925K, committed 102188K, reserved 1138688K
  class space    used 12564K, capacity 13385K, committed 13440K, reserved 1048576K
}
Event: 25.886 GC heap before
{Heap before GC invocations=32 (full 0):
 garbage-first heap   total 189440K, used 142385K [0x0000000080000000, 0x0000000100000000)
  region size 1024K, 54 young (55296K), 2 survivors (2048K)
 Metaspace       used 106291K, capacity 108585K, committed 108844K, reserved 1144832K
  class space    used 13348K, capacity 14201K, committed 14208K, reserved 1048576K
}
Event: 25.895 GC heap after
{Heap after GC invocations=33 (full 0):
 garbage-first heap   total 189440K, used 94841K [0x0000000080000000, 0x0000000100000000)
  region size 1024K, 7 young (7168K), 7 survivors (7168K)
 Metaspace       used 106291K, capacity 108585K, committed 108844K, reserved 1144832K
  class space    used 13348K, capacity 14201K, committed 14208K, reserved 1048576K
}
Event: 26.844 GC heap before
{Heap before GC invocations=34 (full 0):
 garbage-first heap   total 189440K, used 143993K [0x0000000080000000, 0x0000000100000000)
  region size 1024K, 57 young (58368K), 7 survivors (7168K)
 Metaspace       used 107246K, capacity 109570K, committed 109740K, reserved 1144832K
  class space    used 13408K, capacity 14265K, committed 14336K, reserved 1048576K
}
Event: 26.853 GC heap after
{Heap after GC invocations=35 (full 0):
 garbage-first heap   total 189440K, used 96094K [0x0000000080000000, 0x0000000100000000)
  region size 1024K, 3 young (3072K), 3 survivors (3072K)
 Metaspace       used 107246K, capacity 109570K, committed 109740K, reserved 1144832K
  class space    used 13408K, capacity 14265K, committed 14336K, reserved 1048576K
}
Event: 26.974 GC heap before
{Heap before GC invocations=35 (full 0):
 garbage-first heap   total 189440K, used 101214K [0x0000000080000000, 0x0000000100000000)
  region size 1024K, 9 young (9216K), 3 survivors (3072K)
 Metaspace       used 107252K, capacity 109570K, committed 109740K, reserved 1144832K
  class space    used 13408K, capacity 14265K, committed 14336K, reserved 1048576K
}
Event: 26.978 GC heap after
{Heap after GC invocations=36 (full 0):
 garbage-first heap   total 227328K, used 92459K [0x0000000080000000, 0x0000000100000000)
  region size 1024K, 1 young (1024K), 1 survivors (1024K)
 Metaspace       used 107252K, capacity 109570K, committed 109740K, reserved 1144832K
  class space    used 13408K, capacity 14265K, committed 14336K, reserved 1048576K
}
Event: 27.987 GC heap before
{Heap before GC invocations=36 (full 0):
 garbage-first heap   total 227328K, used 164139K [0x0000000080000000, 0x0000000100000000)
  region size 1024K, 72 young (73728K), 1 survivors (1024K)
 Metaspace       used 108320K, capacity 110658K, committed 110764K, reserved 1146880K
  class space    used 13477K, capacity 14331K, committed 14336K, reserved 1048576K
}
Event: 27.992 GC heap after
{Heap after GC invocations=37 (full 0):
 garbage-first heap   total 227328K, used 95360K [0x0000000080000000, 0x0000000100000000)
  region size 1024K, 4 young (4096K), 4 survivors (4096K)
 Metaspace       used 108320K, capacity 110658K, committed 110764K, reserved 1146880K
  class space    used 13477K, capacity 14331K, committed 14336K, reserved 1048576K
}

