# JRE version: OpenJDK Runtime Environment (11.0.12+7) (build 11.0.12+7-b1504.28-7817840)
# Java VM: OpenJDK 64-Bit Server VM (11.0.12+7-b1504.28-7817840, mixed mode, tiered, compressed oops, g1 gc, windows-amd64)
Heap:
 garbage-first heap   total 292864K, used 133718K [0x0000000080000000, 0x0000000100000000)
  region size 1024K, 9 young (9216K), 9 survivors (9216K)
 Metaspace       used 100182K, capacity 102953K, committed 103084K, reserved 1138688K
  class space    used 13216K, capacity 14295K, committed 14336K, reserved 1048576K
GC Heap History (20 events):
Event: 7.201 GC heap after
{Heap after GC invocations=14 (full 0):
 garbage-first heap   total 157696K, used 57555K [0x0000000080000000, 0x0000000100000000)
  region size 1024K, 9 young (9216K), 9 survivors (9216K)
 Metaspace       used 64709K, capacity 66148K, committed 66348K, reserved 1107968K
  class space    used 8237K, capacity 8792K, committed 8832K, reserved 1048576K
}
Event: 7.756 GC heap before
{Heap before GC invocations=15 (full 0):
 garbage-first heap   total 157696K, used 121043K [0x0000000080000000, 0x0000000100000000)
  region size 1024K, 71 young (72704K), 9 survivors (9216K)
 Metaspace       used 67688K, capacity 69222K, committed 69292K, reserved 1110016K
  class space    used 8627K, capacity 9214K, committed 9216K, reserved 1048576K
}
Event: 7.768 GC heap after
{Heap after GC invocations=16 (full 0):
 garbage-first heap   total 189440K, used 61502K [0x0000000080000000, 0x0000000100000000)
  region size 1024K, 5 young (5120K), 5 survivors (5120K)
 Metaspace       used 67688K, capacity 69222K, committed 69292K, reserved 1110016K
  class space    used 8627K, capacity 9214K, committed 9216K, reserved 1048576K
}
Event: 8.752 GC heap before
{Heap before GC invocations=16 (full 0):
 garbage-first heap   total 189440K, used 135230K [0x0000000080000000, 0x0000000100000000)
  region size 1024K, 77 young (78848K), 5 survivors (5120K)
 Metaspace       used 75076K, capacity 76713K, committed 76972K, reserved 1116160K
  class space    used 9760K, capacity 10374K, committed 10496K, reserved 1048576K
}
Event: 8.761 GC heap after
{Heap after GC invocations=17 (full 0):
 garbage-first heap   total 189440K, used 65682K [0x0000000080000000, 0x0000000100000000)
  region size 1024K, 9 young (9216K), 9 survivors (9216K)
 Metaspace       used 75076K, capacity 76713K, committed 76972K, reserved 1116160K
  class space    used 9760K, capacity 10374K, committed 10496K, reserved 1048576K
}
Event: 9.722 GC heap before
{Heap before GC invocations=17 (full 0):
 garbage-first heap   total 189440K, used 139410K [0x0000000080000000, 0x0000000100000000)
  region size 1024K, 81 young (82944K), 9 survivors (9216K)
 Metaspace       used 82048K, capacity 83765K, committed 84012K, reserved 1122304K
  class space    used 10702K, capacity 11372K, committed 11392K, reserved 1048576K
}
Event: 9.737 GC heap after
{Heap after GC invocations=18 (full 0):
 garbage-first heap   total 189440K, used 71058K [0x0000000080000000, 0x0000000100000000)
  region size 1024K, 10 young (10240K), 10 survivors (10240K)
 Metaspace       used 82048K, capacity 83765K, committed 84012K, reserved 1122304K
  class space    used 10702K, capacity 11372K, committed 11392K, reserved 1048576K
}
Event: 10.595 GC heap before
{Heap before GC invocations=18 (full 0):
 garbage-first heap   total 189440K, used 142738K [0x0000000080000000, 0x0000000100000000)
  region size 1024K, 81 young (82944K), 10 survivors (10240K)
 Metaspace       used 84986K, capacity 87180K, committed 87468K, reserved 1124352K
  class space    used 11177K, capacity 11996K, committed 12032K, reserved 1048576K
}
Event: 10.608 GC heap after
{Heap after GC invocations=19 (full 0):
 garbage-first heap   total 189440K, used 75884K [0x0000000080000000, 0x0000000100000000)
  region size 1024K, 10 young (10240K), 10 survivors (10240K)
 Metaspace       used 84986K, capacity 87180K, committed 87468K, reserved 1124352K
  class space    used 11177K, capacity 11996K, committed 12032K, reserved 1048576K
}
Event: 11.188 GC heap before
{Heap before GC invocations=19 (full 0):
 garbage-first heap   total 189440K, used 146540K [0x0000000080000000, 0x0000000100000000)
  region size 1024K, 80 young (81920K), 10 survivors (10240K)
 Metaspace       used 87194K, capacity 89381K, committed 89516K, reserved 1126400K
  class space    used 11364K, capacity 12177K, committed 12288K, reserved 1048576K
}
Event: 11.203 GC heap after
{Heap after GC invocations=20 (full 0):
 garbage-first heap   total 189440K, used 80896K [0x0000000080000000, 0x0000000100000000)
  region size 1024K, 10 young (10240K), 10 survivors (10240K)
 Metaspace       used 87194K, capacity 89381K, committed 89516K, reserved 1126400K
  class space    used 11364K, capacity 12177K, committed 12288K, reserved 1048576K
}
Event: 11.432 GC heap before
{Heap before GC invocations=20 (full 0):
 garbage-first heap   total 189440K, used 150527K [0x0000000080000000, 0x0000000100000000)
  region size 1024K, 79 young (80896K), 10 survivors (10240K)
 Metaspace       used 89458K, capacity 91728K, committed 91948K, reserved 1128448K
  class space    used 11698K, capacity 12574K, committed 12672K, reserved 1048576K
}
Event: 11.449 GC heap after
{Heap after GC invocations=21 (full 0):
 garbage-first heap   total 227328K, used 91931K [0x0000000080000000, 0x0000000100000000)
  region size 1024K, 10 young (10240K), 10 survivors (10240K)
 Metaspace       used 89458K, capacity 91728K, committed 91948K, reserved 1128448K
  class space    used 11698K, capacity 12574K, committed 12672K, reserved 1048576K
}
Event: 12.082 GC heap before
{Heap before GC invocations=21 (full 0):
 garbage-first heap   total 227328K, used 168731K [0x0000000080000000, 0x0000000100000000)
  region size 1024K, 86 young (88064K), 10 survivors (10240K)
 Metaspace       used 94909K, capacity 97320K, committed 97580K, reserved 1134592K
  class space    used 12438K, capacity 13344K, committed 13440K, reserved 1048576K
}
Event: 12.103 GC heap after
{Heap after GC invocations=22 (full 0):
 garbage-first heap   total 227328K, used 99328K [0x0000000080000000, 0x0000000100000000)
  region size 1024K, 11 young (11264K), 11 survivors (11264K)
 Metaspace       used 94909K, capacity 97320K, committed 97580K, reserved 1134592K
  class space    used 12438K, capacity 13344K, committed 13440K, reserved 1048576K
}
Event: 12.482 GC heap before
{Heap before GC invocations=22 (full 0):
 garbage-first heap   total 227328K, used 173056K [0x0000000080000000, 0x0000000100000000)
  region size 1024K, 84 young (86016K), 11 survivors (11264K)
 Metaspace       used 97632K, capacity 100272K, committed 100524K, reserved 1136640K
  class space    used 12802K, capacity 13824K, committed 13824K, reserved 1048576K
}
Event: 12.516 GC heap after
{Heap after GC invocations=23 (full 0):
 garbage-first heap   total 227328K, used 110492K [0x0000000080000000, 0x0000000100000000)
  region size 1024K, 11 young (11264K), 11 survivors (11264K)
 Metaspace       used 97632K, capacity 100272K, committed 100524K, reserved 1136640K
  class space    used 12802K, capacity 13824K, committed 13824K, reserved 1048576K
}
Event: 12.687 GC heap before
{Heap before GC invocations=23 (full 0):
 garbage-first heap   total 227328K, used 178076K [0x0000000080000000, 0x0000000100000000)
  region size 1024K, 77 young (78848K), 11 survivors (11264K)
 Metaspace       used 98788K, capacity 101401K, committed 101548K, reserved 1136640K
  class space    used 12989K, capacity 14028K, committed 14080K, reserved 1048576K
}
Event: 12.714 GC heap after
{Heap after GC invocations=24 (full 0):
 garbage-first heap   total 227328K, used 123111K [0x0000000080000000, 0x0000000100000000)
  region size 1024K, 10 young (10240K), 10 survivors (10240K)
 Metaspace       used 98788K, capacity 101401K, committed 101548K, reserved 1136640K
  class space    used 12989K, capacity 14028K, committed 14080K, reserved 1048576K
}
Event: 12.851 GC heap before
{Heap before GC invocations=24 (full 0):
 garbage-first heap   total 227328K, used 179431K [0x0000000080000000, 0x0000000100000000)
  region size 1024K, 66 young (67584K), 10 survivors (10240K)
 Metaspace       used 100182K, capacity 102953K, committed 103084K, reserved 1138688K
  class space    used 13216K, capacity 14295K, committed 14336K, reserved 1048576K
}

