# JRE version: OpenJDK Runtime Environment (11.0.12+7) (build 11.0.12+7-b1504.28-7817840)
# Java VM: OpenJDK 64-Bit Server VM (11.0.12+7-b1504.28-7817840, mixed mode, tiered, compressed oops, g1 gc, windows-amd64)
Heap:
 garbage-first heap   total 227328K, used 143874K [0x0000000080000000, 0x0000000100000000)
  region size 1024K, 37 young (37888K), 6 survivors (6144K)
 Metaspace       used 122960K, capacity 126082K, committed 126712K, reserved 1159168K
  class space    used 15503K, capacity 16741K, committed 17228K, reserved 1048576K
GC Heap History (20 events):
Event: 2434.820 GC heap before
{Heap before GC invocations=35 (full 0):
 garbage-first heap   total 227328K, used 171008K [0x0000000080000000, 0x0000000100000000)
  region size 1024K, 75 young (76800K), 9 survivors (9216K)
 Metaspace       used 110246K, capacity 113272K, committed 114552K, reserved 1148928K
  class space    used 14308K, capacity 15484K, committed 16076K, reserved 1048576K
}
Event: 2434.884 GC heap after
{Heap after GC invocations=36 (full 0):
 garbage-first heap   total 227328K, used 105502K [0x0000000080000000, 0x0000000100000000)
  region size 1024K, 2 young (2048K), 2 survivors (2048K)
 Metaspace       used 110246K, capacity 113272K, committed 114552K, reserved 1148928K
  class space    used 14308K, capacity 15484K, committed 16076K, reserved 1048576K
}
Event: 3032.042 GC heap before
{Heap before GC invocations=36 (full 0):
 garbage-first heap   total 227328K, used 165918K [0x0000000080000000, 0x0000000100000000)
  region size 1024K, 63 young (64512K), 2 survivors (2048K)
 Metaspace       used 110801K, capacity 113803K, committed 114808K, reserved 1148928K
  class space    used 14339K, capacity 15516K, committed 16076K, reserved 1048576K
}
Event: 3032.067 GC heap after
{Heap after GC invocations=37 (full 0):
 garbage-first heap   total 227328K, used 110922K [0x0000000080000000, 0x0000000100000000)
  region size 1024K, 8 young (8192K), 8 survivors (8192K)
 Metaspace       used 110801K, capacity 113803K, committed 114808K, reserved 1148928K
  class space    used 14339K, capacity 15516K, committed 16076K, reserved 1048576K
}
Event: 3033.155 GC heap before
{Heap before GC invocations=38 (full 0):
 garbage-first heap   total 227328K, used 185674K [0x0000000080000000, 0x0000000100000000)
  region size 1024K, 72 young (73728K), 8 survivors (8192K)
 Metaspace       used 111794K, capacity 114520K, committed 116472K, reserved 1148928K
  class space    used 14364K, capacity 15424K, committed 16204K, reserved 1048576K
}
Event: 3033.220 GC heap after
{Heap after GC invocations=39 (full 0):
 garbage-first heap   total 227328K, used 128885K [0x0000000080000000, 0x0000000100000000)
  region size 1024K, 9 young (9216K), 9 survivors (9216K)
 Metaspace       used 111794K, capacity 114520K, committed 116472K, reserved 1148928K
  class space    used 14364K, capacity 15424K, committed 16204K, reserved 1048576K
}
Event: 3033.249 GC heap before
{Heap before GC invocations=39 (full 0):
 garbage-first heap   total 227328K, used 130933K [0x0000000080000000, 0x0000000100000000)
  region size 1024K, 11 young (11264K), 9 survivors (9216K)
 Metaspace       used 111814K, capacity 114520K, committed 116472K, reserved 1148928K
  class space    used 14364K, capacity 15424K, committed 16204K, reserved 1048576K
}
Event: 3033.294 GC heap after
{Heap after GC invocations=40 (full 0):
 garbage-first heap   total 227328K, used 116844K [0x0000000080000000, 0x0000000100000000)
  region size 1024K, 2 young (2048K), 2 survivors (2048K)
 Metaspace       used 111814K, capacity 114520K, committed 116472K, reserved 1148928K
  class space    used 14364K, capacity 15424K, committed 16204K, reserved 1048576K
}
Event: 3033.457 GC heap before
{Heap before GC invocations=40 (full 0):
 garbage-first heap   total 227328K, used 140396K [0x0000000080000000, 0x0000000100000000)
  region size 1024K, 11 young (11264K), 2 survivors (2048K)
 Metaspace       used 112007K, capacity 114696K, committed 116472K, reserved 1148928K
  class space    used 14379K, capacity 15432K, committed 16204K, reserved 1048576K
}
Event: 3033.472 GC heap after
{Heap after GC invocations=41 (full 0):
 garbage-first heap   total 227328K, used 114406K [0x0000000080000000, 0x0000000100000000)
  region size 1024K, 2 young (2048K), 2 survivors (2048K)
 Metaspace       used 112007K, capacity 114696K, committed 116472K, reserved 1148928K
  class space    used 14379K, capacity 15432K, committed 16204K, reserved 1048576K
}
Event: 3034.274 GC heap before
{Heap before GC invocations=41 (full 0):
 garbage-first heap   total 227328K, used 172774K [0x0000000080000000, 0x0000000100000000)
  region size 1024K, 60 young (61440K), 2 survivors (2048K)
 Metaspace       used 117535K, capacity 120362K, committed 122104K, reserved 1155072K
  class space    used 14870K, capacity 15979K, committed 16716K, reserved 1048576K
}
Event: 3034.283 GC heap after
{Heap after GC invocations=42 (full 0):
 garbage-first heap   total 227328K, used 121217K [0x0000000080000000, 0x0000000100000000)
  region size 1024K, 8 young (8192K), 8 survivors (8192K)
 Metaspace       used 117535K, capacity 120362K, committed 122104K, reserved 1155072K
  class space    used 14870K, capacity 15979K, committed 16716K, reserved 1048576K
}
Event: 3036.582 GC heap before
{Heap before GC invocations=43 (full 0):
 garbage-first heap   total 227328K, used 176513K [0x0000000080000000, 0x0000000100000000)
  region size 1024K, 64 young (65536K), 8 survivors (8192K)
 Metaspace       used 118927K, capacity 121804K, committed 123256K, reserved 1155072K
  class space    used 14989K, capacity 16104K, committed 16844K, reserved 1048576K
}
Event: 3036.592 GC heap after
{Heap after GC invocations=44 (full 0):
 garbage-first heap   total 227328K, used 120503K [0x0000000080000000, 0x0000000100000000)
  region size 1024K, 6 young (6144K), 6 survivors (6144K)
 Metaspace       used 118927K, capacity 121804K, committed 123256K, reserved 1155072K
  class space    used 14989K, capacity 16104K, committed 16844K, reserved 1048576K
}
Event: 3036.641 GC heap before
{Heap before GC invocations=44 (full 0):
 garbage-first heap   total 227328K, used 124599K [0x0000000080000000, 0x0000000100000000)
  region size 1024K, 11 young (11264K), 6 survivors (6144K)
 Metaspace       used 118955K, capacity 121817K, committed 123256K, reserved 1155072K
  class space    used 14991K, capacity 16106K, committed 16844K, reserved 1048576K
}
Event: 3036.657 GC heap after
{Heap after GC invocations=45 (full 0):
 garbage-first heap   total 227328K, used 105866K [0x0000000080000000, 0x0000000100000000)
  region size 1024K, 1 young (1024K), 1 survivors (1024K)
 Metaspace       used 118955K, capacity 121817K, committed 123256K, reserved 1155072K
  class space    used 14991K, capacity 16106K, committed 16844K, reserved 1048576K
}
Event: 3036.797 GC heap before
{Heap before GC invocations=45 (full 0):
 garbage-first heap   total 227328K, used 116106K [0x0000000080000000, 0x0000000100000000)
  region size 1024K, 11 young (11264K), 1 survivors (1024K)
 Metaspace       used 119225K, capacity 122131K, committed 123512K, reserved 1157120K
  class space    used 15005K, capacity 16123K, committed 16844K, reserved 1048576K
}
Event: 3036.805 GC heap after
{Heap after GC invocations=46 (full 0):
 garbage-first heap   total 227328K, used 108034K [0x0000000080000000, 0x0000000100000000)
  region size 1024K, 2 young (2048K), 2 survivors (2048K)
 Metaspace       used 119225K, capacity 122131K, committed 123512K, reserved 1157120K
  class space    used 15005K, capacity 16123K, committed 16844K, reserved 1048576K
}
Event: 3047.926 GC heap before
{Heap before GC invocations=46 (full 0):
 garbage-first heap   total 227328K, used 169474K [0x0000000080000000, 0x0000000100000000)
  region size 1024K, 63 young (64512K), 2 survivors (2048K)
 Metaspace       used 122773K, capacity 125863K, committed 126712K, reserved 1159168K
  class space    used 15485K, capacity 16724K, committed 17228K, reserved 1048576K
}
Event: 3047.954 GC heap after
{Heap after GC invocations=47 (full 0):
 garbage-first heap   total 227328K, used 112130K [0x0000000080000000, 0x0000000100000000)
  region size 1024K, 6 young (6144K), 6 survivors (6144K)
 Metaspace       used 122773K, capacity 125863K, committed 126712K, reserved 1159168K
  class space    used 15485K, capacity 16724K, committed 17228K, reserved 1048576K
}

