# JRE version: OpenJDK Runtime Environment (11.0.12+7) (build 11.0.12+7-b1504.28-7817840)
# Java VM: OpenJDK 64-Bit Server VM (11.0.12+7-b1504.28-7817840, mixed mode, tiered, compressed oops, g1 gc, windows-amd64)
Heap:
 garbage-first heap   total 304128K, used 159249K [0x0000000080000000, 0x0000000100000000)
  region size 1024K, 26 young (26624K), 8 survivors (8192K)
 Metaspace       used 102127K, capacity 104787K, committed 105644K, reserved 1140736K
  class space    used 13456K, capacity 14525K, committed 14848K, reserved 1048576K
GC Heap History (20 events):
Event: 7.763 GC heap before
{Heap before GC invocations=16 (full 0):
 garbage-first heap   total 157696K, used 124346K [0x0000000080000000, 0x0000000100000000)
  region size 1024K, 67 young (68608K), 5 survivors (5120K)
 Metaspace       used 74598K, capacity 76206K, committed 76332K, reserved 1116160K
  class space    used 9700K, capacity 10358K, committed 10368K, reserved 1048576K
}
Event: 7.771 GC heap after
{Heap after GC invocations=17 (full 0):
 garbage-first heap   total 189440K, used 64590K [0x0000000080000000, 0x0000000100000000)
  region size 1024K, 9 young (9216K), 9 survivors (9216K)
 Metaspace       used 74598K, capacity 76206K, committed 76332K, reserved 1116160K
  class space    used 9700K, capacity 10358K, committed 10368K, reserved 1048576K
}
Event: 8.567 GC heap before
{Heap before GC invocations=17 (full 0):
 garbage-first heap   total 189440K, used 138318K [0x0000000080000000, 0x0000000100000000)
  region size 1024K, 81 young (82944K), 9 survivors (9216K)
 Metaspace       used 81736K, capacity 83514K, committed 83756K, reserved 1122304K
  class space    used 10664K, capacity 11337K, committed 11392K, reserved 1048576K
}
Event: 8.578 GC heap after
{Heap after GC invocations=18 (full 0):
 garbage-first heap   total 189440K, used 69557K [0x0000000080000000, 0x0000000100000000)
  region size 1024K, 9 young (9216K), 9 survivors (9216K)
 Metaspace       used 81736K, capacity 83514K, committed 83756K, reserved 1122304K
  class space    used 10664K, capacity 11337K, committed 11392K, reserved 1048576K
}
Event: 9.242 GC heap before
{Heap before GC invocations=18 (full 0):
 garbage-first heap   total 189440K, used 143285K [0x0000000080000000, 0x0000000100000000)
  region size 1024K, 81 young (82944K), 9 survivors (9216K)
 Metaspace       used 84932K, capacity 87144K, committed 87212K, reserved 1124352K
  class space    used 11185K, capacity 12013K, committed 12032K, reserved 1048576K
}
Event: 9.256 GC heap after
{Heap after GC invocations=19 (full 0):
 garbage-first heap   total 189440K, used 75073K [0x0000000080000000, 0x0000000100000000)
  region size 1024K, 11 young (11264K), 11 survivors (11264K)
 Metaspace       used 84932K, capacity 87144K, committed 87212K, reserved 1124352K
  class space    used 11185K, capacity 12013K, committed 12032K, reserved 1048576K
}
Event: 9.837 GC heap before
{Heap before GC invocations=19 (full 0):
 garbage-first heap   total 189440K, used 146753K [0x0000000080000000, 0x0000000100000000)
  region size 1024K, 82 young (83968K), 11 survivors (11264K)
 Metaspace       used 87171K, capacity 89366K, committed 89516K, reserved 1126400K
  class space    used 11374K, capacity 12197K, committed 12288K, reserved 1048576K
}
Event: 9.853 GC heap after
{Heap after GC invocations=20 (full 0):
 garbage-first heap   total 189440K, used 80219K [0x0000000080000000, 0x0000000100000000)
  region size 1024K, 11 young (11264K), 11 survivors (11264K)
 Metaspace       used 87171K, capacity 89366K, committed 89516K, reserved 1126400K
  class space    used 11374K, capacity 12197K, committed 12288K, reserved 1048576K
}
Event: 10.080 GC heap before
{Heap before GC invocations=20 (full 0):
 garbage-first heap   total 189440K, used 149851K [0x0000000080000000, 0x0000000100000000)
  region size 1024K, 81 young (82944K), 11 survivors (11264K)
 Metaspace       used 89691K, capacity 91899K, committed 92204K, reserved 1128448K
  class space    used 11727K, capacity 12589K, committed 12672K, reserved 1048576K
}
Event: 10.093 GC heap after
{Heap after GC invocations=21 (full 0):
 garbage-first heap   total 227328K, used 89763K [0x0000000080000000, 0x0000000100000000)
  region size 1024K, 10 young (10240K), 10 survivors (10240K)
 Metaspace       used 89691K, capacity 91899K, committed 92204K, reserved 1128448K
  class space    used 11727K, capacity 12589K, committed 12672K, reserved 1048576K
}
Event: 10.593 GC heap before
{Heap before GC invocations=21 (full 0):
 garbage-first heap   total 227328K, used 171683K [0x0000000080000000, 0x0000000100000000)
  region size 1024K, 91 young (93184K), 10 survivors (10240K)
 Metaspace       used 94594K, capacity 96968K, committed 97196K, reserved 1132544K
  class space    used 12358K, capacity 13246K, committed 13312K, reserved 1048576K
}
Event: 10.614 GC heap after
{Heap after GC invocations=22 (full 0):
 garbage-first heap   total 227328K, used 98940K [0x0000000080000000, 0x0000000100000000)
  region size 1024K, 12 young (12288K), 12 survivors (12288K)
 Metaspace       used 94594K, capacity 96968K, committed 97196K, reserved 1132544K
  class space    used 12358K, capacity 13246K, committed 13312K, reserved 1048576K
}
Event: 10.859 GC heap before
{Heap before GC invocations=22 (full 0):
 garbage-first heap   total 227328K, used 173692K [0x0000000080000000, 0x0000000100000000)
  region size 1024K, 86 young (88064K), 12 survivors (12288K)
 Metaspace       used 96871K, capacity 99352K, committed 99628K, reserved 1134592K
  class space    used 12665K, capacity 13612K, committed 13696K, reserved 1048576K
}
Event: 10.896 GC heap after
{Heap after GC invocations=23 (full 0):
 garbage-first heap   total 227328K, used 109894K [0x0000000080000000, 0x0000000100000000)
  region size 1024K, 11 young (11264K), 11 survivors (11264K)
 Metaspace       used 96871K, capacity 99352K, committed 99628K, reserved 1134592K
  class space    used 12665K, capacity 13612K, committed 13696K, reserved 1048576K
}
Event: 11.065 GC heap before
{Heap before GC invocations=23 (full 0):
 garbage-first heap   total 227328K, used 176454K [0x0000000080000000, 0x0000000100000000)
  region size 1024K, 77 young (78848K), 11 survivors (11264K)
 Metaspace       used 98542K, capacity 101310K, committed 101676K, reserved 1136640K
  class space    used 12968K, capacity 14090K, committed 14208K, reserved 1048576K
}
Event: 11.087 GC heap after
{Heap after GC invocations=24 (full 0):
 garbage-first heap   total 227328K, used 122108K [0x0000000080000000, 0x0000000100000000)
  region size 1024K, 10 young (10240K), 10 survivors (10240K)
 Metaspace       used 98542K, capacity 101310K, committed 101676K, reserved 1136640K
  class space    used 12968K, capacity 14090K, committed 14208K, reserved 1048576K
}
Event: 11.191 GC heap before
{Heap before GC invocations=24 (full 0):
 garbage-first heap   total 227328K, used 179452K [0x0000000080000000, 0x0000000100000000)
  region size 1024K, 67 young (68608K), 10 survivors (10240K)
 Metaspace       used 99575K, capacity 102460K, committed 102572K, reserved 1138688K
  class space    used 13156K, capacity 14287K, committed 14336K, reserved 1048576K
}
Event: 11.225 GC heap after
{Heap after GC invocations=25 (full 0):
 garbage-first heap   total 304128K, used 132969K [0x0000000080000000, 0x0000000100000000)
  region size 1024K, 9 young (9216K), 9 survivors (9216K)
 Metaspace       used 99575K, capacity 102460K, committed 102572K, reserved 1138688K
  class space    used 13156K, capacity 14287K, committed 14336K, reserved 1048576K
}
Event: 12.201 GC heap before
{Heap before GC invocations=26 (full 0):
 garbage-first heap   total 304128K, used 213865K [0x0000000080000000, 0x0000000100000000)
  region size 1024K, 88 young (90112K), 9 survivors (9216K)
 Metaspace       used 101925K, capacity 104558K, committed 105644K, reserved 1140736K
  class space    used 13410K, capacity 14492K, committed 14848K, reserved 1048576K
}
Event: 12.277 GC heap after
{Heap after GC invocations=27 (full 0):
 garbage-first heap   total 304128K, used 141841K [0x0000000080000000, 0x0000000100000000)
  region size 1024K, 8 young (8192K), 8 survivors (8192K)
 Metaspace       used 101925K, capacity 104558K, committed 105644K, reserved 1140736K
  class space    used 13410K, capacity 14492K, committed 14848K, reserved 1048576K
}

